06/24 17:12:47 [DEBUG] [8490000128] [COMPS.Data.SerializableEntity] OutputFileMetadata --> {'Id': '_internal_id', 'Length': 'length', 'FriendlyName': 'friendly_name', 'PathFromRoot': 'path_from_root', 'Url': 'url', 'MimeType': 'mime_type'}
06/24 17:12:47 [DEBUG] [8490000128] [COMPS.Data.SerializableEntity] AssetFile --> {'FileName': 'file_name', 'MD5Checksum': 'md5_checksum', 'Length': 'length', 'Uri': 'uri'}
06/24 17:12:47 [DEBUG] [8490000128] [COMPS.Data.SerializableEntity] AssetCollectionFile --> {'RelativePath': 'relative_path', 'Tags': 'tags', 'FileName': 'file_name', 'MD5Checksum': 'md5_checksum', 'Length': 'length', 'Uri': 'uri'}
06/24 17:12:47 [DEBUG] [8490000128] [COMPS.Data.SerializableEntity] AssetCollection --> {'Id': 'id', 'DateCreated': 'date_created', 'Tags': 'tags', 'Assets': 'assets'}
06/24 17:12:47 [DEBUG] [8490000128] [COMPS.Data.SerializableEntity] Configuration --> {'EnvironmentName': 'environment_name', 'SimulationInputArgs': 'simulation_input_args', 'WorkingDirectoryRoot': 'working_directory_root', 'ExecutablePath': 'executable_path', 'NodeGroupName': 'node_group_name', 'MaximumNumberOfRetries': 'maximum_number_of_retries', 'Priority': 'priority', 'MinCores': 'min_cores', 'MaxCores': 'max_cores', 'Exclusive': 'exclusive', 'AssetCollectionId': 'asset_collection_id'}
06/24 17:12:47 [DEBUG] [8490000128] [COMPS.Data.SerializableEntity] SimulationFile --> {'FileType': 'file_type', 'Description': 'description', 'FileName': 'file_name', 'MD5Checksum': 'md5_checksum', 'Length': 'length', 'Uri': 'uri'}
06/24 17:12:47 [DEBUG] [8490000128] [COMPS.Data.SerializableEntity] WorkItemFile --> {'FileType': 'file_type', 'Description': 'description', 'FileName': 'file_name', 'MD5Checksum': 'md5_checksum', 'Length': 'length', 'Uri': 'uri'}
06/24 17:12:47 [DEBUG] [8490000128] [COMPS.Data.SerializableEntity] HpcJob --> {'Id': '_internal_id', 'JobId': 'job_id', 'JobState': 'job_state', 'Priority': 'priority', 'WorkingDirectory': 'working_directory', 'OutputDirectorySize': 'output_directory_size', 'SubmitTime': 'submit_time', 'StartTime': 'start_time', 'EndTime': 'end_time', 'ErrorMessage': 'error_message', 'Configuration': 'configuration'}
06/24 17:12:47 [DEBUG] [8490000128] [COMPS.Data.SerializableEntity] Simulation --> {'Id': 'id', 'ExperimentId': 'experiment_id', 'Name': 'name', 'Description': 'description', 'Owner': 'owner', 'DateCreated': 'date_created', 'LastModified': 'last_modified', 'SimulationState': 'state', 'ErrorMessage': 'error_message', 'Tags': 'tags', 'Configuration': 'configuration', 'Files': 'files', 'HPCJobs': 'hpc_jobs'}
06/24 17:12:47 [DEBUG] [8490000128] [COMPS.Data.SerializableEntity] Experiment --> {'Id': 'id', 'SuiteId': 'suite_id', 'Name': 'name', 'Description': 'description', 'Owner': 'owner', 'DateCreated': 'date_created', 'LastModified': 'last_modified', 'Tags': 'tags', 'Configuration': 'configuration'}
06/24 17:12:47 [DEBUG] [8490000128] [COMPS.Data.SerializableEntity] Suite --> {'Id': 'id', 'Name': 'name', 'Description': 'description', 'Owner': 'owner', 'DateCreated': 'date_created', 'LastModified': 'last_modified', 'Tags': 'tags', 'Configuration': 'configuration'}
06/24 17:12:47 [DEBUG] [8490000128] [COMPS.Data.SerializableEntity] WorkItem --> {'Id': 'id', 'Name': 'name', 'Worker': 'worker', 'EnvironmentName': 'environment_name', 'Description': 'description', 'Owner': 'owner', 'DateCreated': 'date_created', 'LastModified': 'last_modified', 'State': 'state', 'ErrorMessage': 'error_message', 'HostName': 'host_name', 'WorkerInstanceId': 'worker_instance_id', 'Priority': 'priority', 'WorkingDirectory': 'working_directory', 'WorkingDirectorySize': 'working_directory_size', 'AssetCollectionId': 'asset_collection_id', 'Tags': 'tags', 'Files': 'files', 'Plugins': 'plugins'}
06/24 17:12:48 [DEBUG] [8490000128] [COMPS.Client] Parsed login host: ('https', 'comps.idmod.org', None)
06/24 17:12:48 [DEBUG] [8490000128] [COMPS.Client] REQUEST -> GET https://comps.idmod.org/api/AssetCollections/73ddb13b-1651-f011-aa23-b88303911bc1 {'children': 'Assets,Tags', 'count': 100000}
06/24 17:12:49 [DEBUG] [8490000128] [COMPS.Client] REQUEST -> POST https://comps.idmod.org/api/Experiments
06/24 17:12:49 [DEBUG] [8490000128] [COMPS.Data.AssetCollection] md5 checksum for file laser-polio_latest.sif is 40934b4f-827c-2c3e-5231-c7545ef41fe5
06/24 17:12:49 [DEBUG] [8490000128] [COMPS.Client] REQUEST -> POST https://comps.idmod.org/api/AssetCollections
06/24 17:12:49 [DEBUG] [8490000128] [COMPS.Client] REQUEST -> GET https://comps.idmod.org/api/Experiments/b0409220-5951-f011-aa23-b88303911bc1
06/24 17:12:50 [DEBUG] [8490000128] [COMPS.Client] REQUEST -> POST https://comps.idmod.org/api/Experiments
06/24 17:12:50 [DEBUG] [6217576448] [COMPS.Data.Simulation] md5 checksum for file WorkOrder.json is ab137fb3-54cb-f805-8b74-3138c100d5cd
06/24 17:12:50 [DEBUG] [6217576448] [COMPS.Data.Simulation] md5 checksum for file WorkOrder.json is ab137fb3-54cb-f805-8b74-3138c100d5cd
06/24 17:12:50 [INFO] [6217576448] [COMPS.Data.Simulation] Saving simulations
06/24 17:12:50 [DEBUG] [6217576448] [COMPS.Data.Simulation] Ready to send single batch of 2 sims
06/24 17:12:50 [DEBUG] [6217576448] [COMPS.Client] REQUEST -> POST https://comps.idmod.org/api/Simulations
06/24 17:12:50 [DEBUG] [6234402816] [COMPS.Client] REQUEST -> PUT https://comps.idmod.org/api/Experiments/b0409220-5951-f011-aa23-b88303911bc1/State/CommissionRequested
06/24 17:12:50 [DEBUG] [8490000128] [COMPS.Client] REQUEST -> PUT https://comps.idmod.org/api/Experiments/b0409220-5951-f011-aa23-b88303911bc1/State/CommissionRequested
