06/09 23:08:23 [DEBUG] [8490000128] [COMPS.Data.SerializableEntity] OutputFileMetadata --> {'Id': '_internal_id', 'Length': 'length', 'FriendlyName': 'friendly_name', 'PathFromRoot': 'path_from_root', 'Url': 'url', 'MimeType': 'mime_type'}
06/09 23:08:23 [DEBUG] [8490000128] [COMPS.Data.SerializableEntity] AssetFile --> {'FileName': 'file_name', 'MD5Checksum': 'md5_checksum', 'Length': 'length', 'Uri': 'uri'}
06/09 23:08:23 [DEBUG] [8490000128] [COMPS.Data.SerializableEntity] AssetCollectionFile --> {'RelativePath': 'relative_path', 'Tags': 'tags', 'FileName': 'file_name', 'MD5Checksum': 'md5_checksum', 'Length': 'length', 'Uri': 'uri'}
06/09 23:08:23 [DEBUG] [8490000128] [COMPS.Data.SerializableEntity] AssetCollection --> {'Id': 'id', 'DateCreated': 'date_created', 'Tags': 'tags', 'Assets': 'assets'}
06/09 23:08:23 [DEBUG] [8490000128] [COMPS.Data.SerializableEntity] Configuration --> {'EnvironmentName': 'environment_name', 'SimulationInputArgs': 'simulation_input_args', 'WorkingDirectoryRoot': 'working_directory_root', 'ExecutablePath': 'executable_path', 'NodeGroupName': 'node_group_name', 'MaximumNumberOfRetries': 'maximum_number_of_retries', 'Priority': 'priority', 'MinCores': 'min_cores', 'MaxCores': 'max_cores', 'Exclusive': 'exclusive', 'AssetCollectionId': 'asset_collection_id'}
06/09 23:08:23 [DEBUG] [8490000128] [COMPS.Data.SerializableEntity] SimulationFile --> {'FileType': 'file_type', 'Description': 'description', 'FileName': 'file_name', 'MD5Checksum': 'md5_checksum', 'Length': 'length', 'Uri': 'uri'}
06/09 23:08:23 [DEBUG] [8490000128] [COMPS.Data.SerializableEntity] WorkItemFile --> {'FileType': 'file_type', 'Description': 'description', 'FileName': 'file_name', 'MD5Checksum': 'md5_checksum', 'Length': 'length', 'Uri': 'uri'}
06/09 23:08:23 [DEBUG] [8490000128] [COMPS.Data.SerializableEntity] HpcJob --> {'Id': '_internal_id', 'JobId': 'job_id', 'JobState': 'job_state', 'Priority': 'priority', 'WorkingDirectory': 'working_directory', 'OutputDirectorySize': 'output_directory_size', 'SubmitTime': 'submit_time', 'StartTime': 'start_time', 'EndTime': 'end_time', 'ErrorMessage': 'error_message', 'Configuration': 'configuration'}
06/09 23:08:23 [DEBUG] [8490000128] [COMPS.Data.SerializableEntity] Simulation --> {'Id': 'id', 'ExperimentId': 'experiment_id', 'Name': 'name', 'Description': 'description', 'Owner': 'owner', 'DateCreated': 'date_created', 'LastModified': 'last_modified', 'SimulationState': 'state', 'ErrorMessage': 'error_message', 'Tags': 'tags', 'Configuration': 'configuration', 'Files': 'files', 'HPCJobs': 'hpc_jobs'}
06/09 23:08:23 [DEBUG] [8490000128] [COMPS.Data.SerializableEntity] Experiment --> {'Id': 'id', 'SuiteId': 'suite_id', 'Name': 'name', 'Description': 'description', 'Owner': 'owner', 'DateCreated': 'date_created', 'LastModified': 'last_modified', 'Tags': 'tags', 'Configuration': 'configuration'}
06/09 23:08:23 [DEBUG] [8490000128] [COMPS.Data.SerializableEntity] Suite --> {'Id': 'id', 'Name': 'name', 'Description': 'description', 'Owner': 'owner', 'DateCreated': 'date_created', 'LastModified': 'last_modified', 'Tags': 'tags', 'Configuration': 'configuration'}
06/09 23:08:23 [DEBUG] [8490000128] [COMPS.Data.SerializableEntity] WorkItem --> {'Id': 'id', 'Name': 'name', 'Worker': 'worker', 'EnvironmentName': 'environment_name', 'Description': 'description', 'Owner': 'owner', 'DateCreated': 'date_created', 'LastModified': 'last_modified', 'State': 'state', 'ErrorMessage': 'error_message', 'HostName': 'host_name', 'WorkerInstanceId': 'worker_instance_id', 'Priority': 'priority', 'WorkingDirectory': 'working_directory', 'WorkingDirectorySize': 'working_directory_size', 'AssetCollectionId': 'asset_collection_id', 'Tags': 'tags', 'Files': 'files', 'Plugins': 'plugins'}
06/09 23:08:23 [DEBUG] [8490000128] [COMPS.Client] Parsed login host: ('https', 'comps.idmod.org', None)
06/09 23:08:23 [DEBUG] [8490000128] [COMPS.Client] REQUEST -> GET https://comps.idmod.org/api/AssetCollections/0cbb0048-b445-f011-aa22-b88303911bc1 {'children': 'Assets,Tags', 'count': 100000}
06/09 23:08:24 [DEBUG] [8490000128] [COMPS.Client] REQUEST -> POST https://comps.idmod.org/api/Experiments
06/09 23:08:24 [DEBUG] [8490000128] [COMPS.Data.AssetCollection] md5 checksum for file laser-polio_latest.sif is d15ef7c7-a787-98a3-281c-ec565d16f5b4
06/09 23:08:24 [DEBUG] [8490000128] [COMPS.Data.AssetCollection] md5 checksum for file .overrides.json.un~ is 97d8d2af-5ba4-9fee-34b9-665dd9175cc3
06/09 23:08:24 [DEBUG] [8490000128] [COMPS.Data.AssetCollection] md5 checksum for file overrides.yaml is 505b3ebc-0ff6-1516-7d6e-e4670deb2fe2
06/09 23:08:24 [DEBUG] [8490000128] [COMPS.Data.AssetCollection] md5 checksum for file overrides.json is c761219e-13ec-7a2d-0a49-2ce5842940c5
06/09 23:08:24 [DEBUG] [8490000128] [COMPS.Client] REQUEST -> POST https://comps.idmod.org/api/AssetCollections
06/09 23:08:24 [DEBUG] [8490000128] [COMPS.Data.AssetCollection] md5 checksum for file laser-polio_latest.sif is d15ef7c7-a787-98a3-281c-ec565d16f5b4
06/09 23:08:24 [DEBUG] [8490000128] [COMPS.Data.AssetCollection] md5 checksum for file overrides.json is c761219e-13ec-7a2d-0a49-2ce5842940c5
06/09 23:08:24 [DEBUG] [8490000128] [COMPS.Data.AssetCollection] md5 checksum for file overrides.yaml is 505b3ebc-0ff6-1516-7d6e-e4670deb2fe2
06/09 23:08:24 [DEBUG] [8490000128] [COMPS.Data.AssetCollection] md5 checksum for file .overrides.json.un~ is 97d8d2af-5ba4-9fee-34b9-665dd9175cc3
06/09 23:08:24 [DEBUG] [8490000128] [COMPS.Client] REQUEST -> POST https://comps.idmod.org/api/AssetCollections
06/09 23:08:24 [DEBUG] [8490000128] [COMPS.Client] REQUEST -> GET https://comps.idmod.org/api/Experiments/836fcd50-c145-f011-aa22-b88303911bc1
06/09 23:08:25 [DEBUG] [8490000128] [COMPS.Client] REQUEST -> POST https://comps.idmod.org/api/Experiments
06/09 23:08:25 [INFO] [6140047360] [COMPS.Data.Simulation] Saving simulations
06/09 23:08:25 [DEBUG] [6140047360] [COMPS.Data.Simulation] Ready to send single batch of 1 sims
06/09 23:08:25 [DEBUG] [6140047360] [COMPS.Client] REQUEST -> POST https://comps.idmod.org/api/Simulations
06/09 23:08:25 [DEBUG] [6156873728] [COMPS.Client] REQUEST -> PUT https://comps.idmod.org/api/Experiments/836fcd50-c145-f011-aa22-b88303911bc1/State/CommissionRequested
06/09 23:08:25 [DEBUG] [8490000128] [COMPS.Client] REQUEST -> PUT https://comps.idmod.org/api/Experiments/836fcd50-c145-f011-aa22-b88303911bc1/State/CommissionRequested
06/09 23:08:25 [DEBUG] [8490000128] [COMPS.Client] REQUEST -> GET https://comps.idmod.org/api/Simulations {'fields': 'Id,SimulationState', 'children': 'Tags,Configuration,Files', 'filters': 'ExperimentId=836fcd50-c145-f011-aa22-b88303911bc1', 'count': 100000}
06/09 23:08:30 [DEBUG] [8490000128] [COMPS.Client] REQUEST -> GET https://comps.idmod.org/api/Simulations {'fields': 'Id,SimulationState', 'children': 'Tags,Configuration,Files', 'filters': 'ExperimentId=836fcd50-c145-f011-aa22-b88303911bc1', 'count': 100000}
06/09 23:08:36 [DEBUG] [8490000128] [COMPS.Client] REQUEST -> GET https://comps.idmod.org/api/Simulations {'fields': 'Id,SimulationState', 'children': 'Tags,Configuration,Files', 'filters': 'ExperimentId=836fcd50-c145-f011-aa22-b88303911bc1', 'count': 100000}
06/09 23:08:41 [DEBUG] [8490000128] [COMPS.Client] REQUEST -> GET https://comps.idmod.org/api/Simulations {'fields': 'Id,SimulationState', 'children': 'Tags,Configuration,Files', 'filters': 'ExperimentId=836fcd50-c145-f011-aa22-b88303911bc1', 'count': 100000}
06/09 23:08:46 [DEBUG] [8490000128] [COMPS.Client] REQUEST -> GET https://comps.idmod.org/api/Simulations {'fields': 'Id,SimulationState', 'children': 'Tags,Configuration,Files', 'filters': 'ExperimentId=836fcd50-c145-f011-aa22-b88303911bc1', 'count': 100000}
06/09 23:08:51 [DEBUG] [8490000128] [COMPS.Client] REQUEST -> GET https://comps.idmod.org/api/Simulations {'fields': 'Id,SimulationState', 'children': 'Tags,Configuration,Files', 'filters': 'ExperimentId=836fcd50-c145-f011-aa22-b88303911bc1', 'count': 100000}
06/09 23:08:56 [DEBUG] [8490000128] [COMPS.Client] REQUEST -> GET https://comps.idmod.org/api/Simulations {'fields': 'Id,SimulationState', 'children': 'Tags,Configuration,Files', 'filters': 'ExperimentId=836fcd50-c145-f011-aa22-b88303911bc1', 'count': 100000}
06/09 23:09:02 [DEBUG] [8490000128] [COMPS.Client] REQUEST -> GET https://comps.idmod.org/api/Simulations {'fields': 'Id,SimulationState', 'children': 'Tags,Configuration,Files', 'filters': 'ExperimentId=836fcd50-c145-f011-aa22-b88303911bc1', 'count': 100000}
06/09 23:09:07 [DEBUG] [8490000128] [COMPS.Client] REQUEST -> GET https://comps.idmod.org/api/Simulations {'fields': 'Id,SimulationState', 'children': 'Tags,Configuration,Files', 'filters': 'ExperimentId=836fcd50-c145-f011-aa22-b88303911bc1', 'count': 100000}
06/09 23:09:12 [DEBUG] [8490000128] [COMPS.Client] REQUEST -> GET https://comps.idmod.org/api/Simulations {'fields': 'Id,SimulationState', 'children': 'Tags,Configuration,Files', 'filters': 'ExperimentId=836fcd50-c145-f011-aa22-b88303911bc1', 'count': 100000}
06/09 23:09:17 [DEBUG] [8490000128] [COMPS.Client] REQUEST -> GET https://comps.idmod.org/api/Simulations {'fields': 'Id,SimulationState', 'children': 'Tags,Configuration,Files', 'filters': 'ExperimentId=836fcd50-c145-f011-aa22-b88303911bc1', 'count': 100000}
